<?xml version="1.0" encoding="UTF-8"?>
<!-- Generated by org.testng.reporters.JUnitXMLReporter -->
<testsuite hostname="DESKTOP-TD09DU6" name="Command line test" tests="31" failures="24" timestamp="21 Oct 2017 17:02:58 GMT" time="0.8" errors="0">
  <testcase name="testCardEnrollment" time="0.316" classname="com.visa.vdp.mlc.TestCardholderEnrollment">
    <failure type="java.lang.IllegalArgumentException" message="Illegal character in path at index 0: {put your visa endpoint here}mlc/enrollment/v1/enrollments">
      <![CDATA[java.lang.IllegalArgumentException: Illegal character in path at index 0: {put your visa endpoint here}mlc/enrollment/v1/enrollments
	at java.net.URI.create(URI.java:852)
	at org.apache.http.client.methods.HttpPost.<init>(HttpPost.java:76)
	at com.visa.vdp.utils.VisaAPIClient.createHttpRequest(VisaAPIClient.java:85)
	at com.visa.vdp.utils.VisaAPIClient.doMutualAuthRequest(VisaAPIClient.java:104)
	at com.visa.vdp.mlc.TestCardholderEnrollment.testCardEnrollment(TestCardholderEnrollment.java:42)
Caused by: java.net.URISyntaxException: Illegal character in path at index 0: {put your visa endpoint here}mlc/enrollment/v1/enrollments
	at java.net.URI$Parser.fail(URI.java:2848)
	at java.net.URI$Parser.checkChars(URI.java:3021)
	at java.net.URI$Parser.parseHierarchical(URI.java:3105)
	at java.net.URI$Parser.parse(URI.java:3063)
	at java.net.URI.<init>(URI.java:588)
	at java.net.URI.create(URI.java:850)
	... 38 more
... Removed 34 stack frames]]>
    </failure>
  </testcase> <!-- testCardEnrollment -->
  <testcase name="testRegisterACard" time="0.015" classname="com.visa.vdp.vctc.TestConsumerRules">
    <failure type="java.lang.IllegalArgumentException" message="Illegal character in path at index 0: {put your visa endpoint here}vctc/customerrules/v1/consumertransactioncontrols">
      <![CDATA[java.lang.IllegalArgumentException: Illegal character in path at index 0: {put your visa endpoint here}vctc/customerrules/v1/consumertransactioncontrols
	at java.net.URI.create(URI.java:852)
	at org.apache.http.client.methods.HttpPost.<init>(HttpPost.java:76)
	at com.visa.vdp.utils.VisaAPIClient.createHttpRequest(VisaAPIClient.java:85)
	at com.visa.vdp.utils.VisaAPIClient.doMutualAuthRequest(VisaAPIClient.java:104)
	at com.visa.vdp.vctc.TestConsumerRules.testRegisterACard(TestConsumerRules.java:36)
Caused by: java.net.URISyntaxException: Illegal character in path at index 0: {put your visa endpoint here}vctc/customerrules/v1/consumertransactioncontrols
	at java.net.URI$Parser.fail(URI.java:2848)
	at java.net.URI$Parser.checkChars(URI.java:3021)
	at java.net.URI$Parser.parseHierarchical(URI.java:3105)
	at java.net.URI$Parser.parse(URI.java:3063)
	at java.net.URI.<init>(URI.java:588)
	at java.net.URI.create(URI.java:850)
	... 38 more
... Removed 34 stack frames]]>
    </failure>
  </testcase> <!-- testRegisterACard -->
  <testcase name="testPaymentAuthorizations" time="0.0" classname="com.visa.vdp.cybersource.TestCybersourcePayments">
    <failure type="java.lang.IllegalArgumentException" message="Illegal character in path at index 0: {put your visa endpoint here}cybersource/payments/v1/authorizations?apikey={put your api key here}">
      <![CDATA[java.lang.IllegalArgumentException: Illegal character in path at index 0: {put your visa endpoint here}cybersource/payments/v1/authorizations?apikey={put your api key here}
	at java.net.URI.create(URI.java:852)
	at org.apache.http.client.methods.HttpPost.<init>(HttpPost.java:76)
	at com.visa.vdp.utils.VisaAPIClient.createHttpRequest(VisaAPIClient.java:85)
	at com.visa.vdp.utils.VisaAPIClient.doXPayTokenRequest(VisaAPIClient.java:135)
	at com.visa.vdp.cybersource.TestCybersourcePayments.testPaymentAuthorizations(TestCybersourcePayments.java:44)
Caused by: java.net.URISyntaxException: Illegal character in path at index 0: {put your visa endpoint here}cybersource/payments/v1/authorizations?apikey={put your api key here}
	at java.net.URI$Parser.fail(URI.java:2848)
	at java.net.URI$Parser.checkChars(URI.java:3021)
	at java.net.URI$Parser.parseHierarchical(URI.java:3105)
	at java.net.URI$Parser.parse(URI.java:3063)
	at java.net.URI.<init>(URI.java:588)
	at java.net.URI.create(URI.java:850)
	... 38 more
... Removed 34 stack frames]]>
    </failure>
  </testcase> <!-- testPaymentAuthorizations -->
  <testcase name="testForeignExchangeRates" time="0.016" classname="com.visa.vdp.foreignexchange.TestForeignExchangeRates">
    <failure type="java.lang.IllegalArgumentException" message="Illegal character in path at index 0: {put your visa endpoint here}forexrates/v1/foreignexchangerates">
      <![CDATA[java.lang.IllegalArgumentException: Illegal character in path at index 0: {put your visa endpoint here}forexrates/v1/foreignexchangerates
	at java.net.URI.create(URI.java:852)
	at org.apache.http.client.methods.HttpPost.<init>(HttpPost.java:76)
	at com.visa.vdp.utils.VisaAPIClient.createHttpRequest(VisaAPIClient.java:85)
	at com.visa.vdp.utils.VisaAPIClient.doMutualAuthRequest(VisaAPIClient.java:104)
	at com.visa.vdp.foreignexchange.TestForeignExchangeRates.testForeignExchangeRates(TestForeignExchangeRates.java:53)
Caused by: java.net.URISyntaxException: Illegal character in path at index 0: {put your visa endpoint here}forexrates/v1/foreignexchangerates
	at java.net.URI$Parser.fail(URI.java:2848)
	at java.net.URI$Parser.checkChars(URI.java:3021)
	at java.net.URI$Parser.parseHierarchical(URI.java:3105)
	at java.net.URI$Parser.parse(URI.java:3063)
	at java.net.URI.<init>(URI.java:588)
	at java.net.URI.create(URI.java:850)
	... 38 more
... Removed 34 stack frames]]>
    </failure>
  </testcase> <!-- testForeignExchangeRates -->
  <testcase name="testPushFundsTransactions" time="0.031" classname="com.visa.vdp.visadirect.TestFundsTransfer">
    <failure type="java.lang.IllegalArgumentException" message="Illegal character in path at index 0: {put your visa endpoint here}visadirect/fundstransfer/v1/pushfundstransactions/">
      <![CDATA[java.lang.IllegalArgumentException: Illegal character in path at index 0: {put your visa endpoint here}visadirect/fundstransfer/v1/pushfundstransactions/
	at java.net.URI.create(URI.java:852)
	at org.apache.http.client.methods.HttpPost.<init>(HttpPost.java:76)
	at com.visa.vdp.utils.VisaAPIClient.createHttpRequest(VisaAPIClient.java:85)
	at com.visa.vdp.utils.VisaAPIClient.doMutualAuthRequest(VisaAPIClient.java:104)
	at com.visa.vdp.visadirect.TestFundsTransfer.testPushFundsTransactions(TestFundsTransfer.java:67)
Caused by: java.net.URISyntaxException: Illegal character in path at index 0: {put your visa endpoint here}visadirect/fundstransfer/v1/pushfundstransactions/
	at java.net.URI$Parser.fail(URI.java:2848)
	at java.net.URI$Parser.checkChars(URI.java:3021)
	at java.net.URI$Parser.parseHierarchical(URI.java:3105)
	at java.net.URI$Parser.parse(URI.java:3063)
	at java.net.URI.<init>(URI.java:588)
	at java.net.URI.create(URI.java:850)
	... 38 more
... Removed 34 stack frames]]>
    </failure>
  </testcase> <!-- testPushFundsTransactions -->
  <testcase name="testFundsTransferEnquiry" time="0.031" classname="com.visa.vdp.pymntacntattrinqry.TestFundsTransferAttributes">
    <failure type="java.lang.IllegalArgumentException" message="Illegal character in path at index 0: {put your visa endpoint here}paai/fundstransferattinq/v1/cardattributes/fundstransferinquiry">
      <![CDATA[java.lang.IllegalArgumentException: Illegal character in path at index 0: {put your visa endpoint here}paai/fundstransferattinq/v1/cardattributes/fundstransferinquiry
	at java.net.URI.create(URI.java:852)
	at org.apache.http.client.methods.HttpPost.<init>(HttpPost.java:76)
	at com.visa.vdp.utils.VisaAPIClient.createHttpRequest(VisaAPIClient.java:85)
	at com.visa.vdp.utils.VisaAPIClient.doMutualAuthRequest(VisaAPIClient.java:104)
	at com.visa.vdp.pymntacntattrinqry.TestFundsTransferAttributes.testFundsTransferEnquiry(TestFundsTransferAttributes.java:37)
Caused by: java.net.URISyntaxException: Illegal character in path at index 0: {put your visa endpoint here}paai/fundstransferattinq/v1/cardattributes/fundstransferinquiry
	at java.net.URI$Parser.fail(URI.java:2848)
	at java.net.URI$Parser.checkChars(URI.java:3021)
	at java.net.URI$Parser.parseHierarchical(URI.java:3105)
	at java.net.URI$Parser.parse(URI.java:3063)
	at java.net.URI.<init>(URI.java:588)
	at java.net.URI.create(URI.java:850)
	... 38 more
... Removed 34 stack frames]]>
    </failure>
  </testcase> <!-- testFundsTransferEnquiry -->
  <testcase name="testGeneralAttributesEnquiry" time="0.0" classname="com.visa.vdp.pymntacntattrinqry.TestGeneralAttributesInquiry">
    <failure type="java.lang.IllegalArgumentException" message="Illegal character in path at index 0: {put your visa endpoint here}paai/generalattinq/v1/cardattributes/generalinquiry">
      <![CDATA[java.lang.IllegalArgumentException: Illegal character in path at index 0: {put your visa endpoint here}paai/generalattinq/v1/cardattributes/generalinquiry
	at java.net.URI.create(URI.java:852)
	at org.apache.http.client.methods.HttpPost.<init>(HttpPost.java:76)
	at com.visa.vdp.utils.VisaAPIClient.createHttpRequest(VisaAPIClient.java:85)
	at com.visa.vdp.utils.VisaAPIClient.doMutualAuthRequest(VisaAPIClient.java:104)
	at com.visa.vdp.pymntacntattrinqry.TestGeneralAttributesInquiry.testGeneralAttributesEnquiry(TestGeneralAttributesInquiry.java:33)
Caused by: java.net.URISyntaxException: Illegal character in path at index 0: {put your visa endpoint here}paai/generalattinq/v1/cardattributes/generalinquiry
	at java.net.URI$Parser.fail(URI.java:2848)
	at java.net.URI$Parser.checkChars(URI.java:3021)
	at java.net.URI$Parser.parseHierarchical(URI.java:3105)
	at java.net.URI$Parser.parse(URI.java:3063)
	at java.net.URI.<init>(URI.java:588)
	at java.net.URI.create(URI.java:850)
	... 38 more
... Removed 34 stack frames]]>
    </failure>
  </testcase> <!-- testGeneralAttributesEnquiry -->
  <testcase name="testGetPaymentInfo" time="0.016" classname="com.visa.vdp.visacheckout.TestGetPaymentData">
    <failure type="java.lang.IllegalArgumentException" message="Illegal character in path at index 0: {put your visa endpoint here}wallet-services-web/payment/data/{put your visa checkout callId here}?apikey={put your api key here}">
      <![CDATA[java.lang.IllegalArgumentException: Illegal character in path at index 0: {put your visa endpoint here}wallet-services-web/payment/data/{put your visa checkout callId here}?apikey={put your api key here}
	at java.net.URI.create(URI.java:852)
	at org.apache.http.client.methods.HttpGet.<init>(HttpGet.java:69)
	at com.visa.vdp.utils.VisaAPIClient.createHttpRequest(VisaAPIClient.java:82)
	at com.visa.vdp.utils.VisaAPIClient.doXPayTokenRequest(VisaAPIClient.java:135)
	at com.visa.vdp.visacheckout.TestGetPaymentData.testGetPaymentInfo(TestGetPaymentData.java:34)
Caused by: java.net.URISyntaxException: Illegal character in path at index 0: {put your visa endpoint here}wallet-services-web/payment/data/{put your visa checkout callId here}?apikey={put your api key here}
	at java.net.URI$Parser.fail(URI.java:2848)
	at java.net.URI$Parser.checkChars(URI.java:3021)
	at java.net.URI$Parser.parseHierarchical(URI.java:3105)
	at java.net.URI$Parser.parse(URI.java:3063)
	at java.net.URI.<init>(URI.java:588)
	at java.net.URI.create(URI.java:850)
	... 38 more
... Removed 34 stack frames]]>
    </failure>
  </testcase> <!-- testGetPaymentInfo -->
  <testcase name="testLocateATM" time="0.015" classname="com.visa.vdp.atmlocator.TestLocateATM">
    <failure type="java.lang.IllegalArgumentException" message="Illegal character in path at index 0: {put your visa endpoint here}globalatmlocator/v1/localatms/atmsinquiry">
      <![CDATA[java.lang.IllegalArgumentException: Illegal character in path at index 0: {put your visa endpoint here}globalatmlocator/v1/localatms/atmsinquiry
	at java.net.URI.create(URI.java:852)
	at org.apache.http.client.methods.HttpPost.<init>(HttpPost.java:76)
	at com.visa.vdp.utils.VisaAPIClient.createHttpRequest(VisaAPIClient.java:85)
	at com.visa.vdp.utils.VisaAPIClient.doMutualAuthRequest(VisaAPIClient.java:104)
	at com.visa.vdp.atmlocator.TestLocateATM.testLocateATM(TestLocateATM.java:121)
Caused by: java.net.URISyntaxException: Illegal character in path at index 0: {put your visa endpoint here}globalatmlocator/v1/localatms/atmsinquiry
	at java.net.URI$Parser.fail(URI.java:2848)
	at java.net.URI$Parser.checkChars(URI.java:3021)
	at java.net.URI$Parser.parseHierarchical(URI.java:3105)
	at java.net.URI$Parser.parse(URI.java:3063)
	at java.net.URI.<init>(URI.java:588)
	at java.net.URI.create(URI.java:850)
	... 38 more
... Removed 34 stack frames]]>
    </failure>
  </testcase> <!-- testLocateATM -->
  <testcase name="testlocations" time="0.0" classname="com.visa.vdp.mlc.TestLocationUpdate">
    <failure type="java.lang.IllegalArgumentException" message="Illegal character in path at index 0: {put your visa endpoint here}mlc/locationupdate/v1/locations">
      <![CDATA[java.lang.IllegalArgumentException: Illegal character in path at index 0: {put your visa endpoint here}mlc/locationupdate/v1/locations
	at java.net.URI.create(URI.java:852)
	at org.apache.http.client.methods.HttpPost.<init>(HttpPost.java:76)
	at com.visa.vdp.utils.VisaAPIClient.createHttpRequest(VisaAPIClient.java:85)
	at com.visa.vdp.utils.VisaAPIClient.doMutualAuthRequest(VisaAPIClient.java:104)
	at com.visa.vdp.mlc.TestLocationUpdate.testlocations(TestLocationUpdate.java:58)
Caused by: java.net.URISyntaxException: Illegal character in path at index 0: {put your visa endpoint here}mlc/locationupdate/v1/locations
	at java.net.URI$Parser.fail(URI.java:2848)
	at java.net.URI$Parser.checkChars(URI.java:3021)
	at java.net.URI$Parser.parseHierarchical(URI.java:3105)
	at java.net.URI$Parser.parse(URI.java:3063)
	at java.net.URI.<init>(URI.java:588)
	at java.net.URI.create(URI.java:850)
	... 38 more
... Removed 34 stack frames]]>
    </failure>
  </testcase> <!-- testlocations -->
  <testcase name="testMVisaTransactions" time="0.016" classname="com.visa.vdp.visadirect.TestMVisa">
    <failure type="java.lang.IllegalArgumentException" message="Illegal character in path at index 0: {put your visa endpoint here}visadirect/mvisa/v1/cashinpushpayments">
      <![CDATA[java.lang.IllegalArgumentException: Illegal character in path at index 0: {put your visa endpoint here}visadirect/mvisa/v1/cashinpushpayments
	at java.net.URI.create(URI.java:852)
	at org.apache.http.client.methods.HttpPost.<init>(HttpPost.java:76)
	at com.visa.vdp.utils.VisaAPIClient.createHttpRequest(VisaAPIClient.java:85)
	at com.visa.vdp.utils.VisaAPIClient.doMutualAuthRequest(VisaAPIClient.java:104)
	at com.visa.vdp.visadirect.TestMVisa.testMVisaTransactions(TestMVisa.java:62)
Caused by: java.net.URISyntaxException: Illegal character in path at index 0: {put your visa endpoint here}visadirect/mvisa/v1/cashinpushpayments
	at java.net.URI$Parser.fail(URI.java:2848)
	at java.net.URI$Parser.checkChars(URI.java:3021)
	at java.net.URI$Parser.parseHierarchical(URI.java:3105)
	at java.net.URI$Parser.parse(URI.java:3063)
	at java.net.URI.<init>(URI.java:588)
	at java.net.URI.create(URI.java:850)
	... 38 more
... Removed 34 stack frames]]>
    </failure>
  </testcase> <!-- testMVisaTransactions -->
  <testcase name="setUp" time="0.0" classname="com.visa.vdp.vta.TestManageCommunities"/>
  <testcase name="testGetCommunities" time="0.0" classname="com.visa.vdp.vta.TestManageCommunities">
    <failure type="java.lang.IllegalArgumentException" message="Illegal character in path at index 0: {put your visa endpoint here}vta/v3/communities">
      <![CDATA[java.lang.IllegalArgumentException: Illegal character in path at index 0: {put your visa endpoint here}vta/v3/communities
	at java.net.URI.create(URI.java:852)
	at org.apache.http.client.methods.HttpGet.<init>(HttpGet.java:69)
	at com.visa.vdp.utils.VisaAPIClient.createHttpRequest(VisaAPIClient.java:82)
	at com.visa.vdp.utils.VisaAPIClient.doMutualAuthRequest(VisaAPIClient.java:104)
	at com.visa.vdp.vta.TestManageCommunities.testGetCommunities(TestManageCommunities.java:32)
Caused by: java.net.URISyntaxException: Illegal character in path at index 0: {put your visa endpoint here}vta/v3/communities
	at java.net.URI$Parser.fail(URI.java:2848)
	at java.net.URI$Parser.checkChars(URI.java:3021)
	at java.net.URI$Parser.parseHierarchical(URI.java:3105)
	at java.net.URI$Parser.parse(URI.java:3063)
	at java.net.URI.<init>(URI.java:588)
	at java.net.URI.create(URI.java:850)
	... 38 more
... Removed 34 stack frames]]>
    </failure>
  </testcase> <!-- testGetCommunities -->
  <testcase name="setUp" time="0.0" classname="com.visa.vdp.vta.TestManageCustomers"/>
  <testcase name="testGetCustomerDetails" time="0.016" classname="com.visa.vdp.vta.TestManageCustomers">
    <failure type="java.lang.IllegalArgumentException" message="Illegal character in path at index 0: {put your visa endpoint here}vta/v3/communities/{put your vta community code here}/customers">
      <![CDATA[java.lang.IllegalArgumentException: Illegal character in path at index 0: {put your visa endpoint here}vta/v3/communities/{put your vta community code here}/customers
	at java.net.URI.create(URI.java:852)
	at org.apache.http.client.methods.HttpPost.<init>(HttpPost.java:76)
	at com.visa.vdp.utils.VisaAPIClient.createHttpRequest(VisaAPIClient.java:85)
	at com.visa.vdp.utils.VisaAPIClient.doMutualAuthRequest(VisaAPIClient.java:104)
	at com.visa.vdp.vta.TestManageCustomers.testGetCustomerDetails(TestManageCustomers.java:156)
Caused by: java.net.URISyntaxException: Illegal character in path at index 0: {put your visa endpoint here}vta/v3/communities/{put your vta community code here}/customers
	at java.net.URI$Parser.fail(URI.java:2848)
	at java.net.URI$Parser.checkChars(URI.java:3021)
	at java.net.URI$Parser.parseHierarchical(URI.java:3105)
	at java.net.URI$Parser.parse(URI.java:3063)
	at java.net.URI.<init>(URI.java:588)
	at java.net.URI.create(URI.java:850)
	... 38 more
... Removed 34 stack frames]]>
    </failure>
  </testcase> <!-- testGetCustomerDetails -->
  <testcase name="setUp" time="0.0" classname="com.visa.vdp.vta.TestManageNotifications"/>
  <testcase name="testNotificationSubscription" time="0.0" classname="com.visa.vdp.vta.TestManageNotifications">
    <failure type="java.lang.IllegalArgumentException" message="Illegal character in path at index 0: {put your visa endpoint here}vta/v3/communities/{put your vta community code here}/portfolios/{put your portfolio number here}/customers/{put your vta customer id here}/notifications">
      <![CDATA[java.lang.IllegalArgumentException: Illegal character in path at index 0: {put your visa endpoint here}vta/v3/communities/{put your vta community code here}/portfolios/{put your portfolio number here}/customers/{put your vta customer id here}/notifications
	at java.net.URI.create(URI.java:852)
	at org.apache.http.client.methods.HttpPost.<init>(HttpPost.java:76)
	at com.visa.vdp.utils.VisaAPIClient.createHttpRequest(VisaAPIClient.java:85)
	at com.visa.vdp.utils.VisaAPIClient.doMutualAuthRequest(VisaAPIClient.java:104)
	at com.visa.vdp.vta.TestManageNotifications.testNotificationSubscription(TestManageNotifications.java:48)
Caused by: java.net.URISyntaxException: Illegal character in path at index 0: {put your visa endpoint here}vta/v3/communities/{put your vta community code here}/portfolios/{put your portfolio number here}/customers/{put your vta customer id here}/notifications
	at java.net.URI$Parser.fail(URI.java:2848)
	at java.net.URI$Parser.checkChars(URI.java:3021)
	at java.net.URI$Parser.parseHierarchical(URI.java:3105)
	at java.net.URI$Parser.parse(URI.java:3063)
	at java.net.URI.<init>(URI.java:588)
	at java.net.URI.create(URI.java:850)
	... 38 more
... Removed 34 stack frames]]>
    </failure>
  </testcase> <!-- testNotificationSubscription -->
  <testcase name="setUp" time="0.0" classname="com.visa.vdp.vta.TestManagePortfolios"/>
  <testcase name="testPortfolios" time="0.0" classname="com.visa.vdp.vta.TestManagePortfolios">
    <failure type="java.lang.IllegalArgumentException" message="Illegal character in path at index 0: {put your visa endpoint here}vta/v3/communities/{put your vta community code here}/portfolios">
      <![CDATA[java.lang.IllegalArgumentException: Illegal character in path at index 0: {put your visa endpoint here}vta/v3/communities/{put your vta community code here}/portfolios
	at java.net.URI.create(URI.java:852)
	at org.apache.http.client.methods.HttpGet.<init>(HttpGet.java:69)
	at com.visa.vdp.utils.VisaAPIClient.createHttpRequest(VisaAPIClient.java:82)
	at com.visa.vdp.utils.VisaAPIClient.doMutualAuthRequest(VisaAPIClient.java:104)
	at com.visa.vdp.vta.TestManagePortfolios.testPortfolios(TestManagePortfolios.java:32)
Caused by: java.net.URISyntaxException: Illegal character in path at index 0: {put your visa endpoint here}vta/v3/communities/{put your vta community code here}/portfolios
	at java.net.URI$Parser.fail(URI.java:2848)
	at java.net.URI$Parser.checkChars(URI.java:3021)
	at java.net.URI$Parser.parseHierarchical(URI.java:3105)
	at java.net.URI$Parser.parse(URI.java:3063)
	at java.net.URI.<init>(URI.java:588)
	at java.net.URI.create(URI.java:850)
	... 38 more
... Removed 34 stack frames]]>
    </failure>
  </testcase> <!-- testPortfolios -->
  <testcase name="testMerchantLocatorAPI" time="0.016" classname="com.visa.vdp.merchantlocator.TestMerchantLocatorAPI">
    <failure type="java.lang.IllegalArgumentException" message="Illegal character in path at index 0: {put your visa endpoint here}merchantlocator/v1/locator">
      <![CDATA[java.lang.IllegalArgumentException: Illegal character in path at index 0: {put your visa endpoint here}merchantlocator/v1/locator
	at java.net.URI.create(URI.java:852)
	at org.apache.http.client.methods.HttpPost.<init>(HttpPost.java:76)
	at com.visa.vdp.utils.VisaAPIClient.createHttpRequest(VisaAPIClient.java:85)
	at com.visa.vdp.utils.VisaAPIClient.doMutualAuthRequest(VisaAPIClient.java:104)
	at com.visa.vdp.merchantlocator.TestMerchantLocatorAPI.testMerchantLocatorAPI(TestMerchantLocatorAPI.java:60)
Caused by: java.net.URISyntaxException: Illegal character in path at index 0: {put your visa endpoint here}merchantlocator/v1/locator
	at java.net.URI$Parser.fail(URI.java:2848)
	at java.net.URI$Parser.checkChars(URI.java:3021)
	at java.net.URI$Parser.parseHierarchical(URI.java:3105)
	at java.net.URI$Parser.parse(URI.java:3063)
	at java.net.URI.<init>(URI.java:588)
	at java.net.URI.create(URI.java:850)
	... 38 more
... Removed 34 stack frames]]>
    </failure>
  </testcase> <!-- testMerchantLocatorAPI -->
  <testcase name="testMerchantSearch" time="0.0" classname="com.visa.vdp.merchantsearch.TestMerchantSearchAPI">
    <failure type="java.lang.IllegalArgumentException" message="Illegal character in path at index 0: {put your visa endpoint here}merchantsearch/v1/search">
      <![CDATA[java.lang.IllegalArgumentException: Illegal character in path at index 0: {put your visa endpoint here}merchantsearch/v1/search
	at java.net.URI.create(URI.java:852)
	at org.apache.http.client.methods.HttpPost.<init>(HttpPost.java:76)
	at com.visa.vdp.utils.VisaAPIClient.createHttpRequest(VisaAPIClient.java:85)
	at com.visa.vdp.utils.VisaAPIClient.doMutualAuthRequest(VisaAPIClient.java:104)
	at com.visa.vdp.merchantsearch.TestMerchantSearchAPI.testMerchantSearch(TestMerchantSearchAPI.java:66)
Caused by: java.net.URISyntaxException: Illegal character in path at index 0: {put your visa endpoint here}merchantsearch/v1/search
	at java.net.URI$Parser.fail(URI.java:2848)
	at java.net.URI$Parser.checkChars(URI.java:3021)
	at java.net.URI$Parser.parseHierarchical(URI.java:3105)
	at java.net.URI$Parser.parse(URI.java:3063)
	at java.net.URI.<init>(URI.java:588)
	at java.net.URI.create(URI.java:850)
	... 38 more
... Removed 34 stack frames]]>
    </failure>
  </testcase> <!-- testMerchantSearch -->
  <testcase name="testCardValidation" time="0.0" classname="com.visa.vdp.pymntacntvalidation.TestPaymentAccountValidation">
    <failure type="java.lang.IllegalArgumentException" message="Illegal character in path at index 0: {put your visa endpoint here}pav/v1/cardvalidation">
      <![CDATA[java.lang.IllegalArgumentException: Illegal character in path at index 0: {put your visa endpoint here}pav/v1/cardvalidation
	at java.net.URI.create(URI.java:852)
	at org.apache.http.client.methods.HttpPost.<init>(HttpPost.java:76)
	at com.visa.vdp.utils.VisaAPIClient.createHttpRequest(VisaAPIClient.java:85)
	at com.visa.vdp.utils.VisaAPIClient.doMutualAuthRequest(VisaAPIClient.java:104)
	at com.visa.vdp.pymntacntvalidation.TestPaymentAccountValidation.testCardValidation(TestPaymentAccountValidation.java:55)
Caused by: java.net.URISyntaxException: Illegal character in path at index 0: {put your visa endpoint here}pav/v1/cardvalidation
	at java.net.URI$Parser.fail(URI.java:2848)
	at java.net.URI$Parser.checkChars(URI.java:3021)
	at java.net.URI$Parser.parseHierarchical(URI.java:3105)
	at java.net.URI$Parser.parse(URI.java:3063)
	at java.net.URI.<init>(URI.java:588)
	at java.net.URI.create(URI.java:850)
	... 38 more
... Removed 34 stack frames]]>
    </failure>
  </testcase> <!-- testCardValidation -->
  <testcase name="setUp" time="0.0" classname="com.visa.vdp.vctc.TestProgramAdministration"/>
  <testcase name="testRetreiveTransactionTypeControls" time="0.0" classname="com.visa.vdp.vctc.TestProgramAdministration">
    <failure type="java.lang.IllegalArgumentException" message="Illegal character in path at index 0: {put your visa endpoint here}vctc/programadmin/v1/configuration/transactiontypecontrols">
      <![CDATA[java.lang.IllegalArgumentException: Illegal character in path at index 0: {put your visa endpoint here}vctc/programadmin/v1/configuration/transactiontypecontrols
	at java.net.URI.create(URI.java:852)
	at org.apache.http.client.methods.HttpGet.<init>(HttpGet.java:69)
	at com.visa.vdp.utils.VisaAPIClient.createHttpRequest(VisaAPIClient.java:82)
	at com.visa.vdp.utils.VisaAPIClient.doMutualAuthRequest(VisaAPIClient.java:104)
	at com.visa.vdp.vctc.TestProgramAdministration.testRetreiveTransactionTypeControls(TestProgramAdministration.java:27)
Caused by: java.net.URISyntaxException: Illegal character in path at index 0: {put your visa endpoint here}vctc/programadmin/v1/configuration/transactiontypecontrols
	at java.net.URI$Parser.fail(URI.java:2848)
	at java.net.URI$Parser.checkChars(URI.java:3021)
	at java.net.URI$Parser.parseHierarchical(URI.java:3105)
	at java.net.URI$Parser.parse(URI.java:3063)
	at java.net.URI.<init>(URI.java:588)
	at java.net.URI.create(URI.java:850)
	... 38 more
... Removed 34 stack frames]]>
    </failure>
  </testcase> <!-- testRetreiveTransactionTypeControls -->
  <testcase name="setUp" time="0.0" classname="com.visa.vdp.vta.TestReplaceCard"/>
  <testcase name="testReplaceCards" time="0.0" classname="com.visa.vdp.vta.TestReplaceCard">
    <failure type="java.lang.IllegalArgumentException" message="Illegal character in path at index 0: {put your visa endpoint here}vta/v3/communities/{put your vta community code here}/cards">
      <![CDATA[java.lang.IllegalArgumentException: Illegal character in path at index 0: {put your visa endpoint here}vta/v3/communities/{put your vta community code here}/cards
	at java.net.URI.create(URI.java:852)
	at org.apache.http.client.methods.HttpPost.<init>(HttpPost.java:76)
	at com.visa.vdp.utils.VisaAPIClient.createHttpRequest(VisaAPIClient.java:85)
	at com.visa.vdp.utils.VisaAPIClient.doMutualAuthRequest(VisaAPIClient.java:104)
	at com.visa.vdp.vta.TestReplaceCard.testReplaceCards(TestReplaceCard.java:77)
Caused by: java.net.URISyntaxException: Illegal character in path at index 0: {put your visa endpoint here}vta/v3/communities/{put your vta community code here}/cards
	at java.net.URI$Parser.fail(URI.java:2848)
	at java.net.URI$Parser.checkChars(URI.java:3021)
	at java.net.URI$Parser.parseHierarchical(URI.java:3105)
	at java.net.URI$Parser.parse(URI.java:3063)
	at java.net.URI.<init>(URI.java:588)
	at java.net.URI.create(URI.java:850)
	... 38 more
... Removed 34 stack frames]]>
    </failure>
  </testcase> <!-- testReplaceCards -->
  <testcase name="testUpdatePaymentInfo" time="0.0" classname="com.visa.vdp.visacheckout.TestUpdatePaymentInformation">
    <failure type="java.lang.IllegalArgumentException" message="Illegal character in path at index 0: {put your visa endpoint here}wallet-services-web/payment/info/{put your visa checkout callId here}?apikey={put your api key here}">
      <![CDATA[java.lang.IllegalArgumentException: Illegal character in path at index 0: {put your visa endpoint here}wallet-services-web/payment/info/{put your visa checkout callId here}?apikey={put your api key here}
	at java.net.URI.create(URI.java:852)
	at org.apache.http.client.methods.HttpPut.<init>(HttpPut.java:68)
	at com.visa.vdp.utils.VisaAPIClient.createHttpRequest(VisaAPIClient.java:88)
	at com.visa.vdp.utils.VisaAPIClient.doXPayTokenRequest(VisaAPIClient.java:135)
	at com.visa.vdp.visacheckout.TestUpdatePaymentInformation.testUpdatePaymentInfo(TestUpdatePaymentInformation.java:51)
Caused by: java.net.URISyntaxException: Illegal character in path at index 0: {put your visa endpoint here}wallet-services-web/payment/info/{put your visa checkout callId here}?apikey={put your api key here}
	at java.net.URI$Parser.fail(URI.java:2848)
	at java.net.URI$Parser.checkChars(URI.java:3021)
	at java.net.URI$Parser.parseHierarchical(URI.java:3105)
	at java.net.URI$Parser.parse(URI.java:3063)
	at java.net.URI.<init>(URI.java:588)
	at java.net.URI.create(URI.java:850)
	... 38 more
... Removed 34 stack frames]]>
    </failure>
  </testcase> <!-- testUpdatePaymentInfo -->
  <testcase name="setUp" time="0.0" classname="com.visa.vdp.vctc.TestValidation"/>
  <testcase name="testRetreiveListofDecisionRecords" time="0.016" classname="com.visa.vdp.vctc.TestValidation">
    <failure type="java.lang.IllegalArgumentException" message="Illegal character in path at index 0: {put your visa endpoint here}vctc/validation/v1/decisions/history?limit=1&amp;amp;page=1">
      <![CDATA[java.lang.IllegalArgumentException: Illegal character in path at index 0: {put your visa endpoint here}vctc/validation/v1/decisions/history?limit=1&page=1
	at java.net.URI.create(URI.java:852)
	at org.apache.http.client.methods.HttpGet.<init>(HttpGet.java:69)
	at com.visa.vdp.utils.VisaAPIClient.createHttpRequest(VisaAPIClient.java:82)
	at com.visa.vdp.utils.VisaAPIClient.doMutualAuthRequest(VisaAPIClient.java:104)
	at com.visa.vdp.vctc.TestValidation.testRetreiveListofDecisionRecords(TestValidation.java:28)
Caused by: java.net.URISyntaxException: Illegal character in path at index 0: {put your visa endpoint here}vctc/validation/v1/decisions/history?limit=1&page=1
	at java.net.URI$Parser.fail(URI.java:2848)
	at java.net.URI$Parser.checkChars(URI.java:3021)
	at java.net.URI$Parser.parseHierarchical(URI.java:3105)
	at java.net.URI$Parser.parse(URI.java:3063)
	at java.net.URI.<init>(URI.java:588)
	at java.net.URI.create(URI.java:850)
	... 38 more
... Removed 34 stack frames]]>
    </failure>
  </testcase> <!-- testRetreiveListofDecisionRecords -->
  <testcase name="testAddTravelItenary" time="0.0" classname="com.visa.vdp.tns.TestVisaTravelNotificationService">
    <failure type="java.lang.IllegalArgumentException" message="Illegal character in path at index 0: {put your visa endpoint here}travelnotificationservice/v1/travelnotification/itinerary">
      <![CDATA[java.lang.IllegalArgumentException: Illegal character in path at index 0: {put your visa endpoint here}travelnotificationservice/v1/travelnotification/itinerary
	at java.net.URI.create(URI.java:852)
	at org.apache.http.client.methods.HttpPost.<init>(HttpPost.java:76)
	at com.visa.vdp.utils.VisaAPIClient.createHttpRequest(VisaAPIClient.java:85)
	at com.visa.vdp.utils.VisaAPIClient.doMutualAuthRequest(VisaAPIClient.java:104)
	at com.visa.vdp.tns.TestVisaTravelNotificationService.testAddTravelItenary(TestVisaTravelNotificationService.java:60)
Caused by: java.net.URISyntaxException: Illegal character in path at index 0: {put your visa endpoint here}travelnotificationservice/v1/travelnotification/itinerary
	at java.net.URI$Parser.fail(URI.java:2848)
	at java.net.URI$Parser.checkChars(URI.java:3021)
	at java.net.URI$Parser.parseHierarchical(URI.java:3105)
	at java.net.URI$Parser.parse(URI.java:3063)
	at java.net.URI.<init>(URI.java:588)
	at java.net.URI.create(URI.java:850)
	... 38 more
... Removed 34 stack frames]]>
    </failure>
  </testcase> <!-- testAddTravelItenary -->
  <testcase name="testWatchListInquiry" time="0.012" classname="com.visa.vdp.visadirect.TestWatchListScreening">
    <failure type="java.lang.IllegalArgumentException" message="Illegal character in path at index 0: {put your visa endpoint here}visadirect/watchlistscreening/v1/watchlistinquiry">
      <![CDATA[java.lang.IllegalArgumentException: Illegal character in path at index 0: {put your visa endpoint here}visadirect/watchlistscreening/v1/watchlistinquiry
	at java.net.URI.create(URI.java:852)
	at org.apache.http.client.methods.HttpPost.<init>(HttpPost.java:76)
	at com.visa.vdp.utils.VisaAPIClient.createHttpRequest(VisaAPIClient.java:85)
	at com.visa.vdp.utils.VisaAPIClient.doMutualAuthRequest(VisaAPIClient.java:104)
	at com.visa.vdp.visadirect.TestWatchListScreening.testWatchListInquiry(TestWatchListScreening.java:41)
Caused by: java.net.URISyntaxException: Illegal character in path at index 0: {put your visa endpoint here}visadirect/watchlistscreening/v1/watchlistinquiry
	at java.net.URI$Parser.fail(URI.java:2848)
	at java.net.URI$Parser.checkChars(URI.java:3021)
	at java.net.URI$Parser.parseHierarchical(URI.java:3105)
	at java.net.URI$Parser.parse(URI.java:3063)
	at java.net.URI.<init>(URI.java:588)
	at java.net.URI.create(URI.java:850)
	... 38 more
... Removed 34 stack frames]]>
    </failure>
  </testcase> <!-- testWatchListInquiry -->
</testsuite> <!-- Command line test -->
