-------------------------------------------------------------------------------
Test set: TestSuite
-------------------------------------------------------------------------------
Tests run: 31, Failures: 24, Errors: 0, Skipped: 0, Time elapsed: 2.994 sec <<< FAILURE!
testCardEnrollment(com.visa.vdp.mlc.TestCardholderEnrollment)  Time elapsed: 0.33 sec  <<< FAILURE!
java.lang.IllegalArgumentException: Illegal character in path at index 0: {put your visa endpoint here}mlc/enrollment/v1/enrollments
	at java.net.URI.create(URI.java:852)
	at org.apache.http.client.methods.HttpPost.<init>(HttpPost.java:76)
	at com.visa.vdp.utils.VisaAPIClient.createHttpRequest(VisaAPIClient.java:85)
	at com.visa.vdp.utils.VisaAPIClient.doMutualAuthRequest(VisaAPIClient.java:104)
	at com.visa.vdp.mlc.TestCardholderEnrollment.testCardEnrollment(TestCardholderEnrollment.java:42)
Caused by: java.net.URISyntaxException: Illegal character in path at index 0: {put your visa endpoint here}mlc/enrollment/v1/enrollments
	at java.net.URI$Parser.fail(URI.java:2848)
	at java.net.URI$Parser.checkChars(URI.java:3021)
	at java.net.URI$Parser.parseHierarchical(URI.java:3105)
	at java.net.URI$Parser.parse(URI.java:3063)
	at java.net.URI.<init>(URI.java:588)
	at java.net.URI.create(URI.java:850)
	... 38 more
testRegisterACard(com.visa.vdp.vctc.TestConsumerRules)  Time elapsed: 0 sec  <<< FAILURE!
java.lang.IllegalArgumentException: Illegal character in path at index 0: {put your visa endpoint here}vctc/customerrules/v1/consumertransactioncontrols
	at java.net.URI.create(URI.java:852)
	at org.apache.http.client.methods.HttpPost.<init>(HttpPost.java:76)
	at com.visa.vdp.utils.VisaAPIClient.createHttpRequest(VisaAPIClient.java:85)
	at com.visa.vdp.utils.VisaAPIClient.doMutualAuthRequest(VisaAPIClient.java:104)
	at com.visa.vdp.vctc.TestConsumerRules.testRegisterACard(TestConsumerRules.java:36)
Caused by: java.net.URISyntaxException: Illegal character in path at index 0: {put your visa endpoint here}vctc/customerrules/v1/consumertransactioncontrols
	at java.net.URI$Parser.fail(URI.java:2848)
	at java.net.URI$Parser.checkChars(URI.java:3021)
	at java.net.URI$Parser.parseHierarchical(URI.java:3105)
	at java.net.URI$Parser.parse(URI.java:3063)
	at java.net.URI.<init>(URI.java:588)
	at java.net.URI.create(URI.java:850)
	... 38 more
testPaymentAuthorizations(com.visa.vdp.cybersource.TestCybersourcePayments)  Time elapsed: 0 sec  <<< FAILURE!
java.lang.IllegalArgumentException: Illegal character in path at index 0: {put your visa endpoint here}cybersource/payments/v1/authorizations?apikey={put your api key here}
	at java.net.URI.create(URI.java:852)
	at org.apache.http.client.methods.HttpPost.<init>(HttpPost.java:76)
	at com.visa.vdp.utils.VisaAPIClient.createHttpRequest(VisaAPIClient.java:85)
	at com.visa.vdp.utils.VisaAPIClient.doXPayTokenRequest(VisaAPIClient.java:135)
	at com.visa.vdp.cybersource.TestCybersourcePayments.testPaymentAuthorizations(TestCybersourcePayments.java:44)
Caused by: java.net.URISyntaxException: Illegal character in path at index 0: {put your visa endpoint here}cybersource/payments/v1/authorizations?apikey={put your api key here}
	at java.net.URI$Parser.fail(URI.java:2848)
	at java.net.URI$Parser.checkChars(URI.java:3021)
	at java.net.URI$Parser.parseHierarchical(URI.java:3105)
	at java.net.URI$Parser.parse(URI.java:3063)
	at java.net.URI.<init>(URI.java:588)
	at java.net.URI.create(URI.java:850)
	... 38 more
testForeignExchangeRates(com.visa.vdp.foreignexchange.TestForeignExchangeRates)  Time elapsed: 0.016 sec  <<< FAILURE!
java.lang.IllegalArgumentException: Illegal character in path at index 0: {put your visa endpoint here}forexrates/v1/foreignexchangerates
	at java.net.URI.create(URI.java:852)
	at org.apache.http.client.methods.HttpPost.<init>(HttpPost.java:76)
	at com.visa.vdp.utils.VisaAPIClient.createHttpRequest(VisaAPIClient.java:85)
	at com.visa.vdp.utils.VisaAPIClient.doMutualAuthRequest(VisaAPIClient.java:104)
	at com.visa.vdp.foreignexchange.TestForeignExchangeRates.testForeignExchangeRates(TestForeignExchangeRates.java:53)
Caused by: java.net.URISyntaxException: Illegal character in path at index 0: {put your visa endpoint here}forexrates/v1/foreignexchangerates
	at java.net.URI$Parser.fail(URI.java:2848)
	at java.net.URI$Parser.checkChars(URI.java:3021)
	at java.net.URI$Parser.parseHierarchical(URI.java:3105)
	at java.net.URI$Parser.parse(URI.java:3063)
	at java.net.URI.<init>(URI.java:588)
	at java.net.URI.create(URI.java:850)
	... 38 more
testPushFundsTransactions(com.visa.vdp.visadirect.TestFundsTransfer)  Time elapsed: 0.031 sec  <<< FAILURE!
java.lang.IllegalArgumentException: Illegal character in path at index 0: {put your visa endpoint here}visadirect/fundstransfer/v1/pushfundstransactions/
	at java.net.URI.create(URI.java:852)
	at org.apache.http.client.methods.HttpPost.<init>(HttpPost.java:76)
	at com.visa.vdp.utils.VisaAPIClient.createHttpRequest(VisaAPIClient.java:85)
	at com.visa.vdp.utils.VisaAPIClient.doMutualAuthRequest(VisaAPIClient.java:104)
	at com.visa.vdp.visadirect.TestFundsTransfer.testPushFundsTransactions(TestFundsTransfer.java:67)
Caused by: java.net.URISyntaxException: Illegal character in path at index 0: {put your visa endpoint here}visadirect/fundstransfer/v1/pushfundstransactions/
	at java.net.URI$Parser.fail(URI.java:2848)
	at java.net.URI$Parser.checkChars(URI.java:3021)
	at java.net.URI$Parser.parseHierarchical(URI.java:3105)
	at java.net.URI$Parser.parse(URI.java:3063)
	at java.net.URI.<init>(URI.java:588)
	at java.net.URI.create(URI.java:850)
	... 38 more
testFundsTransferEnquiry(com.visa.vdp.pymntacntattrinqry.TestFundsTransferAttributes)  Time elapsed: 0.031 sec  <<< FAILURE!
java.lang.IllegalArgumentException: Illegal character in path at index 0: {put your visa endpoint here}paai/fundstransferattinq/v1/cardattributes/fundstransferinquiry
	at java.net.URI.create(URI.java:852)
	at org.apache.http.client.methods.HttpPost.<init>(HttpPost.java:76)
	at com.visa.vdp.utils.VisaAPIClient.createHttpRequest(VisaAPIClient.java:85)
	at com.visa.vdp.utils.VisaAPIClient.doMutualAuthRequest(VisaAPIClient.java:104)
	at com.visa.vdp.pymntacntattrinqry.TestFundsTransferAttributes.testFundsTransferEnquiry(TestFundsTransferAttributes.java:37)
Caused by: java.net.URISyntaxException: Illegal character in path at index 0: {put your visa endpoint here}paai/fundstransferattinq/v1/cardattributes/fundstransferinquiry
	at java.net.URI$Parser.fail(URI.java:2848)
	at java.net.URI$Parser.checkChars(URI.java:3021)
	at java.net.URI$Parser.parseHierarchical(URI.java:3105)
	at java.net.URI$Parser.parse(URI.java:3063)
	at java.net.URI.<init>(URI.java:588)
	at java.net.URI.create(URI.java:850)
	... 38 more
testGeneralAttributesEnquiry(com.visa.vdp.pymntacntattrinqry.TestGeneralAttributesInquiry)  Time elapsed: 0 sec  <<< FAILURE!
java.lang.IllegalArgumentException: Illegal character in path at index 0: {put your visa endpoint here}paai/generalattinq/v1/cardattributes/generalinquiry
	at java.net.URI.create(URI.java:852)
	at org.apache.http.client.methods.HttpPost.<init>(HttpPost.java:76)
	at com.visa.vdp.utils.VisaAPIClient.createHttpRequest(VisaAPIClient.java:85)
	at com.visa.vdp.utils.VisaAPIClient.doMutualAuthRequest(VisaAPIClient.java:104)
	at com.visa.vdp.pymntacntattrinqry.TestGeneralAttributesInquiry.testGeneralAttributesEnquiry(TestGeneralAttributesInquiry.java:33)
Caused by: java.net.URISyntaxException: Illegal character in path at index 0: {put your visa endpoint here}paai/generalattinq/v1/cardattributes/generalinquiry
	at java.net.URI$Parser.fail(URI.java:2848)
	at java.net.URI$Parser.checkChars(URI.java:3021)
	at java.net.URI$Parser.parseHierarchical(URI.java:3105)
	at java.net.URI$Parser.parse(URI.java:3063)
	at java.net.URI.<init>(URI.java:588)
	at java.net.URI.create(URI.java:850)
	... 38 more
testGetPaymentInfo(com.visa.vdp.visacheckout.TestGetPaymentData)  Time elapsed: 0.016 sec  <<< FAILURE!
java.lang.IllegalArgumentException: Illegal character in path at index 0: {put your visa endpoint here}wallet-services-web/payment/data/{put your visa checkout callId here}?apikey={put your api key here}
	at java.net.URI.create(URI.java:852)
	at org.apache.http.client.methods.HttpGet.<init>(HttpGet.java:69)
	at com.visa.vdp.utils.VisaAPIClient.createHttpRequest(VisaAPIClient.java:82)
	at com.visa.vdp.utils.VisaAPIClient.doXPayTokenRequest(VisaAPIClient.java:135)
	at com.visa.vdp.visacheckout.TestGetPaymentData.testGetPaymentInfo(TestGetPaymentData.java:34)
Caused by: java.net.URISyntaxException: Illegal character in path at index 0: {put your visa endpoint here}wallet-services-web/payment/data/{put your visa checkout callId here}?apikey={put your api key here}
	at java.net.URI$Parser.fail(URI.java:2848)
	at java.net.URI$Parser.checkChars(URI.java:3021)
	at java.net.URI$Parser.parseHierarchical(URI.java:3105)
	at java.net.URI$Parser.parse(URI.java:3063)
	at java.net.URI.<init>(URI.java:588)
	at java.net.URI.create(URI.java:850)
	... 38 more
testLocateATM(com.visa.vdp.atmlocator.TestLocateATM)  Time elapsed: 0.015 sec  <<< FAILURE!
java.lang.IllegalArgumentException: Illegal character in path at index 0: {put your visa endpoint here}globalatmlocator/v1/localatms/atmsinquiry
	at java.net.URI.create(URI.java:852)
	at org.apache.http.client.methods.HttpPost.<init>(HttpPost.java:76)
	at com.visa.vdp.utils.VisaAPIClient.createHttpRequest(VisaAPIClient.java:85)
	at com.visa.vdp.utils.VisaAPIClient.doMutualAuthRequest(VisaAPIClient.java:104)
	at com.visa.vdp.atmlocator.TestLocateATM.testLocateATM(TestLocateATM.java:121)
Caused by: java.net.URISyntaxException: Illegal character in path at index 0: {put your visa endpoint here}globalatmlocator/v1/localatms/atmsinquiry
	at java.net.URI$Parser.fail(URI.java:2848)
	at java.net.URI$Parser.checkChars(URI.java:3021)
	at java.net.URI$Parser.parseHierarchical(URI.java:3105)
	at java.net.URI$Parser.parse(URI.java:3063)
	at java.net.URI.<init>(URI.java:588)
	at java.net.URI.create(URI.java:850)
	... 38 more
testlocations(com.visa.vdp.mlc.TestLocationUpdate)  Time elapsed: 0 sec  <<< FAILURE!
java.lang.IllegalArgumentException: Illegal character in path at index 0: {put your visa endpoint here}mlc/locationupdate/v1/locations
	at java.net.URI.create(URI.java:852)
	at org.apache.http.client.methods.HttpPost.<init>(HttpPost.java:76)
	at com.visa.vdp.utils.VisaAPIClient.createHttpRequest(VisaAPIClient.java:85)
	at com.visa.vdp.utils.VisaAPIClient.doMutualAuthRequest(VisaAPIClient.java:104)
	at com.visa.vdp.mlc.TestLocationUpdate.testlocations(TestLocationUpdate.java:58)
Caused by: java.net.URISyntaxException: Illegal character in path at index 0: {put your visa endpoint here}mlc/locationupdate/v1/locations
	at java.net.URI$Parser.fail(URI.java:2848)
	at java.net.URI$Parser.checkChars(URI.java:3021)
	at java.net.URI$Parser.parseHierarchical(URI.java:3105)
	at java.net.URI$Parser.parse(URI.java:3063)
	at java.net.URI.<init>(URI.java:588)
	at java.net.URI.create(URI.java:850)
	... 38 more
testMVisaTransactions(com.visa.vdp.visadirect.TestMVisa)  Time elapsed: 0.016 sec  <<< FAILURE!
java.lang.IllegalArgumentException: Illegal character in path at index 0: {put your visa endpoint here}visadirect/mvisa/v1/cashinpushpayments
	at java.net.URI.create(URI.java:852)
	at org.apache.http.client.methods.HttpPost.<init>(HttpPost.java:76)
	at com.visa.vdp.utils.VisaAPIClient.createHttpRequest(VisaAPIClient.java:85)
	at com.visa.vdp.utils.VisaAPIClient.doMutualAuthRequest(VisaAPIClient.java:104)
	at com.visa.vdp.visadirect.TestMVisa.testMVisaTransactions(TestMVisa.java:62)
Caused by: java.net.URISyntaxException: Illegal character in path at index 0: {put your visa endpoint here}visadirect/mvisa/v1/cashinpushpayments
	at java.net.URI$Parser.fail(URI.java:2848)
	at java.net.URI$Parser.checkChars(URI.java:3021)
	at java.net.URI$Parser.parseHierarchical(URI.java:3105)
	at java.net.URI$Parser.parse(URI.java:3063)
	at java.net.URI.<init>(URI.java:588)
	at java.net.URI.create(URI.java:850)
	... 38 more
testGetCommunities(com.visa.vdp.vta.TestManageCommunities)  Time elapsed: 0.015 sec  <<< FAILURE!
java.lang.IllegalArgumentException: Illegal character in path at index 0: {put your visa endpoint here}vta/v3/communities
	at java.net.URI.create(URI.java:852)
	at org.apache.http.client.methods.HttpGet.<init>(HttpGet.java:69)
	at com.visa.vdp.utils.VisaAPIClient.createHttpRequest(VisaAPIClient.java:82)
	at com.visa.vdp.utils.VisaAPIClient.doMutualAuthRequest(VisaAPIClient.java:104)
	at com.visa.vdp.vta.TestManageCommunities.testGetCommunities(TestManageCommunities.java:32)
Caused by: java.net.URISyntaxException: Illegal character in path at index 0: {put your visa endpoint here}vta/v3/communities
	at java.net.URI$Parser.fail(URI.java:2848)
	at java.net.URI$Parser.checkChars(URI.java:3021)
	at java.net.URI$Parser.parseHierarchical(URI.java:3105)
	at java.net.URI$Parser.parse(URI.java:3063)
	at java.net.URI.<init>(URI.java:588)
	at java.net.URI.create(URI.java:850)
	... 38 more
testGetCustomerDetails(com.visa.vdp.vta.TestManageCustomers)  Time elapsed: 0.016 sec  <<< FAILURE!
java.lang.IllegalArgumentException: Illegal character in path at index 0: {put your visa endpoint here}vta/v3/communities/{put your vta community code here}/customers
	at java.net.URI.create(URI.java:852)
	at org.apache.http.client.methods.HttpPost.<init>(HttpPost.java:76)
	at com.visa.vdp.utils.VisaAPIClient.createHttpRequest(VisaAPIClient.java:85)
	at com.visa.vdp.utils.VisaAPIClient.doMutualAuthRequest(VisaAPIClient.java:104)
	at com.visa.vdp.vta.TestManageCustomers.testGetCustomerDetails(TestManageCustomers.java:156)
Caused by: java.net.URISyntaxException: Illegal character in path at index 0: {put your visa endpoint here}vta/v3/communities/{put your vta community code here}/customers
	at java.net.URI$Parser.fail(URI.java:2848)
	at java.net.URI$Parser.checkChars(URI.java:3021)
	at java.net.URI$Parser.parseHierarchical(URI.java:3105)
	at java.net.URI$Parser.parse(URI.java:3063)
	at java.net.URI.<init>(URI.java:588)
	at java.net.URI.create(URI.java:850)
	... 38 more
testNotificationSubscription(com.visa.vdp.vta.TestManageNotifications)  Time elapsed: 0 sec  <<< FAILURE!
java.lang.IllegalArgumentException: Illegal character in path at index 0: {put your visa endpoint here}vta/v3/communities/{put your vta community code here}/portfolios/{put your portfolio number here}/customers/{put your vta customer id here}/notifications
	at java.net.URI.create(URI.java:852)
	at org.apache.http.client.methods.HttpPost.<init>(HttpPost.java:76)
	at com.visa.vdp.utils.VisaAPIClient.createHttpRequest(VisaAPIClient.java:85)
	at com.visa.vdp.utils.VisaAPIClient.doMutualAuthRequest(VisaAPIClient.java:104)
	at com.visa.vdp.vta.TestManageNotifications.testNotificationSubscription(TestManageNotifications.java:48)
Caused by: java.net.URISyntaxException: Illegal character in path at index 0: {put your visa endpoint here}vta/v3/communities/{put your vta community code here}/portfolios/{put your portfolio number here}/customers/{put your vta customer id here}/notifications
	at java.net.URI$Parser.fail(URI.java:2848)
	at java.net.URI$Parser.checkChars(URI.java:3021)
	at java.net.URI$Parser.parseHierarchical(URI.java:3105)
	at java.net.URI$Parser.parse(URI.java:3063)
	at java.net.URI.<init>(URI.java:588)
	at java.net.URI.create(URI.java:850)
	... 38 more
testPortfolios(com.visa.vdp.vta.TestManagePortfolios)  Time elapsed: 0 sec  <<< FAILURE!
java.lang.IllegalArgumentException: Illegal character in path at index 0: {put your visa endpoint here}vta/v3/communities/{put your vta community code here}/portfolios
	at java.net.URI.create(URI.java:852)
	at org.apache.http.client.methods.HttpGet.<init>(HttpGet.java:69)
	at com.visa.vdp.utils.VisaAPIClient.createHttpRequest(VisaAPIClient.java:82)
	at com.visa.vdp.utils.VisaAPIClient.doMutualAuthRequest(VisaAPIClient.java:104)
	at com.visa.vdp.vta.TestManagePortfolios.testPortfolios(TestManagePortfolios.java:32)
Caused by: java.net.URISyntaxException: Illegal character in path at index 0: {put your visa endpoint here}vta/v3/communities/{put your vta community code here}/portfolios
	at java.net.URI$Parser.fail(URI.java:2848)
	at java.net.URI$Parser.checkChars(URI.java:3021)
	at java.net.URI$Parser.parseHierarchical(URI.java:3105)
	at java.net.URI$Parser.parse(URI.java:3063)
	at java.net.URI.<init>(URI.java:588)
	at java.net.URI.create(URI.java:850)
	... 38 more
testMerchantLocatorAPI(com.visa.vdp.merchantlocator.TestMerchantLocatorAPI)  Time elapsed: 0.016 sec  <<< FAILURE!
java.lang.IllegalArgumentException: Illegal character in path at index 0: {put your visa endpoint here}merchantlocator/v1/locator
	at java.net.URI.create(URI.java:852)
	at org.apache.http.client.methods.HttpPost.<init>(HttpPost.java:76)
	at com.visa.vdp.utils.VisaAPIClient.createHttpRequest(VisaAPIClient.java:85)
	at com.visa.vdp.utils.VisaAPIClient.doMutualAuthRequest(VisaAPIClient.java:104)
	at com.visa.vdp.merchantlocator.TestMerchantLocatorAPI.testMerchantLocatorAPI(TestMerchantLocatorAPI.java:60)
Caused by: java.net.URISyntaxException: Illegal character in path at index 0: {put your visa endpoint here}merchantlocator/v1/locator
	at java.net.URI$Parser.fail(URI.java:2848)
	at java.net.URI$Parser.checkChars(URI.java:3021)
	at java.net.URI$Parser.parseHierarchical(URI.java:3105)
	at java.net.URI$Parser.parse(URI.java:3063)
	at java.net.URI.<init>(URI.java:588)
	at java.net.URI.create(URI.java:850)
	... 38 more
testMerchantSearch(com.visa.vdp.merchantsearch.TestMerchantSearchAPI)  Time elapsed: 0 sec  <<< FAILURE!
java.lang.IllegalArgumentException: Illegal character in path at index 0: {put your visa endpoint here}merchantsearch/v1/search
	at java.net.URI.create(URI.java:852)
	at org.apache.http.client.methods.HttpPost.<init>(HttpPost.java:76)
	at com.visa.vdp.utils.VisaAPIClient.createHttpRequest(VisaAPIClient.java:85)
	at com.visa.vdp.utils.VisaAPIClient.doMutualAuthRequest(VisaAPIClient.java:104)
	at com.visa.vdp.merchantsearch.TestMerchantSearchAPI.testMerchantSearch(TestMerchantSearchAPI.java:66)
Caused by: java.net.URISyntaxException: Illegal character in path at index 0: {put your visa endpoint here}merchantsearch/v1/search
	at java.net.URI$Parser.fail(URI.java:2848)
	at java.net.URI$Parser.checkChars(URI.java:3021)
	at java.net.URI$Parser.parseHierarchical(URI.java:3105)
	at java.net.URI$Parser.parse(URI.java:3063)
	at java.net.URI.<init>(URI.java:588)
	at java.net.URI.create(URI.java:850)
	... 38 more
testCardValidation(com.visa.vdp.pymntacntvalidation.TestPaymentAccountValidation)  Time elapsed: 0.015 sec  <<< FAILURE!
java.lang.IllegalArgumentException: Illegal character in path at index 0: {put your visa endpoint here}pav/v1/cardvalidation
	at java.net.URI.create(URI.java:852)
	at org.apache.http.client.methods.HttpPost.<init>(HttpPost.java:76)
	at com.visa.vdp.utils.VisaAPIClient.createHttpRequest(VisaAPIClient.java:85)
	at com.visa.vdp.utils.VisaAPIClient.doMutualAuthRequest(VisaAPIClient.java:104)
	at com.visa.vdp.pymntacntvalidation.TestPaymentAccountValidation.testCardValidation(TestPaymentAccountValidation.java:55)
Caused by: java.net.URISyntaxException: Illegal character in path at index 0: {put your visa endpoint here}pav/v1/cardvalidation
	at java.net.URI$Parser.fail(URI.java:2848)
	at java.net.URI$Parser.checkChars(URI.java:3021)
	at java.net.URI$Parser.parseHierarchical(URI.java:3105)
	at java.net.URI$Parser.parse(URI.java:3063)
	at java.net.URI.<init>(URI.java:588)
	at java.net.URI.create(URI.java:850)
	... 38 more
testRetreiveTransactionTypeControls(com.visa.vdp.vctc.TestProgramAdministration)  Time elapsed: 0 sec  <<< FAILURE!
java.lang.IllegalArgumentException: Illegal character in path at index 0: {put your visa endpoint here}vctc/programadmin/v1/configuration/transactiontypecontrols
	at java.net.URI.create(URI.java:852)
	at org.apache.http.client.methods.HttpGet.<init>(HttpGet.java:69)
	at com.visa.vdp.utils.VisaAPIClient.createHttpRequest(VisaAPIClient.java:82)
	at com.visa.vdp.utils.VisaAPIClient.doMutualAuthRequest(VisaAPIClient.java:104)
	at com.visa.vdp.vctc.TestProgramAdministration.testRetreiveTransactionTypeControls(TestProgramAdministration.java:27)
Caused by: java.net.URISyntaxException: Illegal character in path at index 0: {put your visa endpoint here}vctc/programadmin/v1/configuration/transactiontypecontrols
	at java.net.URI$Parser.fail(URI.java:2848)
	at java.net.URI$Parser.checkChars(URI.java:3021)
	at java.net.URI$Parser.parseHierarchical(URI.java:3105)
	at java.net.URI$Parser.parse(URI.java:3063)
	at java.net.URI.<init>(URI.java:588)
	at java.net.URI.create(URI.java:850)
	... 38 more
testReplaceCards(com.visa.vdp.vta.TestReplaceCard)  Time elapsed: 0 sec  <<< FAILURE!
java.lang.IllegalArgumentException: Illegal character in path at index 0: {put your visa endpoint here}vta/v3/communities/{put your vta community code here}/cards
	at java.net.URI.create(URI.java:852)
	at org.apache.http.client.methods.HttpPost.<init>(HttpPost.java:76)
	at com.visa.vdp.utils.VisaAPIClient.createHttpRequest(VisaAPIClient.java:85)
	at com.visa.vdp.utils.VisaAPIClient.doMutualAuthRequest(VisaAPIClient.java:104)
	at com.visa.vdp.vta.TestReplaceCard.testReplaceCards(TestReplaceCard.java:77)
Caused by: java.net.URISyntaxException: Illegal character in path at index 0: {put your visa endpoint here}vta/v3/communities/{put your vta community code here}/cards
	at java.net.URI$Parser.fail(URI.java:2848)
	at java.net.URI$Parser.checkChars(URI.java:3021)
	at java.net.URI$Parser.parseHierarchical(URI.java:3105)
	at java.net.URI$Parser.parse(URI.java:3063)
	at java.net.URI.<init>(URI.java:588)
	at java.net.URI.create(URI.java:850)
	... 38 more
testUpdatePaymentInfo(com.visa.vdp.visacheckout.TestUpdatePaymentInformation)  Time elapsed: 0 sec  <<< FAILURE!
java.lang.IllegalArgumentException: Illegal character in path at index 0: {put your visa endpoint here}wallet-services-web/payment/info/{put your visa checkout callId here}?apikey={put your api key here}
	at java.net.URI.create(URI.java:852)
	at org.apache.http.client.methods.HttpPut.<init>(HttpPut.java:68)
	at com.visa.vdp.utils.VisaAPIClient.createHttpRequest(VisaAPIClient.java:88)
	at com.visa.vdp.utils.VisaAPIClient.doXPayTokenRequest(VisaAPIClient.java:135)
	at com.visa.vdp.visacheckout.TestUpdatePaymentInformation.testUpdatePaymentInfo(TestUpdatePaymentInformation.java:51)
Caused by: java.net.URISyntaxException: Illegal character in path at index 0: {put your visa endpoint here}wallet-services-web/payment/info/{put your visa checkout callId here}?apikey={put your api key here}
	at java.net.URI$Parser.fail(URI.java:2848)
	at java.net.URI$Parser.checkChars(URI.java:3021)
	at java.net.URI$Parser.parseHierarchical(URI.java:3105)
	at java.net.URI$Parser.parse(URI.java:3063)
	at java.net.URI.<init>(URI.java:588)
	at java.net.URI.create(URI.java:850)
	... 38 more
testRetreiveListofDecisionRecords(com.visa.vdp.vctc.TestValidation)  Time elapsed: 0.016 sec  <<< FAILURE!
java.lang.IllegalArgumentException: Illegal character in path at index 0: {put your visa endpoint here}vctc/validation/v1/decisions/history?limit=1&page=1
	at java.net.URI.create(URI.java:852)
	at org.apache.http.client.methods.HttpGet.<init>(HttpGet.java:69)
	at com.visa.vdp.utils.VisaAPIClient.createHttpRequest(VisaAPIClient.java:82)
	at com.visa.vdp.utils.VisaAPIClient.doMutualAuthRequest(VisaAPIClient.java:104)
	at com.visa.vdp.vctc.TestValidation.testRetreiveListofDecisionRecords(TestValidation.java:28)
Caused by: java.net.URISyntaxException: Illegal character in path at index 0: {put your visa endpoint here}vctc/validation/v1/decisions/history?limit=1&page=1
	at java.net.URI$Parser.fail(URI.java:2848)
	at java.net.URI$Parser.checkChars(URI.java:3021)
	at java.net.URI$Parser.parseHierarchical(URI.java:3105)
	at java.net.URI$Parser.parse(URI.java:3063)
	at java.net.URI.<init>(URI.java:588)
	at java.net.URI.create(URI.java:850)
	... 38 more
testAddTravelItenary(com.visa.vdp.tns.TestVisaTravelNotificationService)  Time elapsed: 0 sec  <<< FAILURE!
java.lang.IllegalArgumentException: Illegal character in path at index 0: {put your visa endpoint here}travelnotificationservice/v1/travelnotification/itinerary
	at java.net.URI.create(URI.java:852)
	at org.apache.http.client.methods.HttpPost.<init>(HttpPost.java:76)
	at com.visa.vdp.utils.VisaAPIClient.createHttpRequest(VisaAPIClient.java:85)
	at com.visa.vdp.utils.VisaAPIClient.doMutualAuthRequest(VisaAPIClient.java:104)
	at com.visa.vdp.tns.TestVisaTravelNotificationService.testAddTravelItenary(TestVisaTravelNotificationService.java:60)
Caused by: java.net.URISyntaxException: Illegal character in path at index 0: {put your visa endpoint here}travelnotificationservice/v1/travelnotification/itinerary
	at java.net.URI$Parser.fail(URI.java:2848)
	at java.net.URI$Parser.checkChars(URI.java:3021)
	at java.net.URI$Parser.parseHierarchical(URI.java:3105)
	at java.net.URI$Parser.parse(URI.java:3063)
	at java.net.URI.<init>(URI.java:588)
	at java.net.URI.create(URI.java:850)
	... 38 more
testWatchListInquiry(com.visa.vdp.visadirect.TestWatchListScreening)  Time elapsed: 0.014 sec  <<< FAILURE!
java.lang.IllegalArgumentException: Illegal character in path at index 0: {put your visa endpoint here}visadirect/watchlistscreening/v1/watchlistinquiry
	at java.net.URI.create(URI.java:852)
	at org.apache.http.client.methods.HttpPost.<init>(HttpPost.java:76)
	at com.visa.vdp.utils.VisaAPIClient.createHttpRequest(VisaAPIClient.java:85)
	at com.visa.vdp.utils.VisaAPIClient.doMutualAuthRequest(VisaAPIClient.java:104)
	at com.visa.vdp.visadirect.TestWatchListScreening.testWatchListInquiry(TestWatchListScreening.java:41)
Caused by: java.net.URISyntaxException: Illegal character in path at index 0: {put your visa endpoint here}visadirect/watchlistscreening/v1/watchlistinquiry
	at java.net.URI$Parser.fail(URI.java:2848)
	at java.net.URI$Parser.checkChars(URI.java:3021)
	at java.net.URI$Parser.parseHierarchical(URI.java:3105)
	at java.net.URI$Parser.parse(URI.java:3063)
	at java.net.URI.<init>(URI.java:588)
	at java.net.URI.create(URI.java:850)
	... 38 more
